<?xml version="1.0" encoding="UTF-8"?>
<!-- Generated by org.testng.reporters.JUnitReportReporter -->
<testsuite hostname="RajeshK" name="testscripts.logintestcase" tests="1" failures="0" timestamp="31 Jul 2019 10:17:05 GMT" time="0.210" errors="0">
  <testcase name="veri" time="0.210" classname="testscripts.logintestcase"/>
</testsuite> <!-- testscripts.logintestcase -->
