<?xml version="1.0" encoding="UTF-8"?>
<!-- Generated by org.testng.reporters.JUnitReportReporter -->
<testsuite name="testscripts.logintestcase" tests="1" time="0.218" ignored="0" failures="0" timestamp="31 Jul 2019 10:35:17 GMT" skipped="0" hostname="RajeshK" errors="0">
  <testcase name="veri" time="0.218" classname="testscripts.logintestcase"/>
</testsuite> <!-- testscripts.logintestcase -->
